<?xml version="1.0" encoding="UTF-8"?>
<!-- Generated by org.testng.reporters.JUnitXMLReporter -->
<testsuite ignored="0" hostname="DESKTOP-JECJT8C" failures="0" tests="3" name="Default test" time="1.194" errors="0" timestamp="2020-07-20T08:20:51 IST">
  <testcase classname="demo.LocalServerDataProvider" name="tc_post" time="1.123"/>
  <testcase classname="demo.LocalServerDataProvider" name="tc_post" time="0.02"/>
  <testcase classname="demo.LocalServerDataProvider" name="tc_post" time="0.019"/>
</testsuite> <!-- Default test -->
