<?xml version="1.0" encoding="UTF-8"?>
<testng-results ignored="0" total="3" passed="3" failed="0" skipped="0">
  <reporter-output>
  </reporter-output>
  <suite started-at="2020-07-20T08:20:49 IST" name="Default suite" finished-at="2020-07-20T08:20:51 IST" duration-ms="1194">
    <groups>
    </groups>
    <test started-at="2020-07-20T08:20:49 IST" name="Default test" finished-at="2020-07-20T08:20:51 IST" duration-ms="1194">
      <class name="demo.LocalServerDataProvider">
        <test-method signature="tc_post(java.lang.String, int)[pri:0, instance:demo.LocalServerDataProvider@3c72f59f]" started-at="2020-07-20T08:20:49 IST" name="tc_post" data-provider="studentRecords" finished-at="2020-07-20T08:20:51 IST" duration-ms="1123" status="PASS">
          <params>
            <param index="0">
              <value>
                <![CDATA[Binita]]>
              </value>
            </param>
            <param index="1">
              <value>
                <![CDATA[3]]>
              </value>
            </param>
          </params>
          <reporter-output>
          </reporter-output>
        </test-method> <!-- tc_post -->
        <test-method signature="tc_post(java.lang.String, int)[pri:0, instance:demo.LocalServerDataProvider@3c72f59f]" started-at="2020-07-20T08:20:51 IST" name="tc_post" data-provider="studentRecords" finished-at="2020-07-20T08:20:51 IST" duration-ms="20" status="PASS">
          <params>
            <param index="0">
              <value>
                <![CDATA[Jyothi]]>
              </value>
            </param>
            <param index="1">
              <value>
                <![CDATA[1]]>
              </value>
            </param>
          </params>
          <reporter-output>
          </reporter-output>
        </test-method> <!-- tc_post -->
        <test-method signature="tc_post(java.lang.String, int)[pri:0, instance:demo.LocalServerDataProvider@3c72f59f]" started-at="2020-07-20T08:20:51 IST" name="tc_post" data-provider="studentRecords" finished-at="2020-07-20T08:20:51 IST" duration-ms="19" status="PASS">
          <params>
            <param index="0">
              <value>
                <![CDATA[Ashesh]]>
              </value>
            </param>
            <param index="1">
              <value>
                <![CDATA[2]]>
              </value>
            </param>
          </params>
          <reporter-output>
          </reporter-output>
        </test-method> <!-- tc_post -->
      </class> <!-- demo.LocalServerDataProvider -->
    </test> <!-- Default test -->
  </suite> <!-- Default suite -->
</testng-results>
